<?xml version="1.0" encoding="UTF-8"?>
<!-- Generated by org.testng.reporters.JUnitXMLReporter -->
<testsuite ignored="3" hostname="Dinesh" failures="0" tests="20" name="Test" time="141.345" errors="0" timestamp="2024-10-08T11:42:38 IST">
  <testcase classname="com.sellingo.TC001_HomePageTest" name="TC001_SC001_verifyHomePageText" time="3.404"/>
  <testcase classname="com.sellingo.TC001_HomePageTest" name="TC001_SC002_verifySlides" time="1.656"/>
  <testcase classname="com.sellingo.TC001_HomePageTest" name="TC001_SC003verifyFacebookLinkTest" time="3.763"/>
  <testcase classname="com.sellingo.TC001_HomePageTest" name="TC001_SC004_verifyTwitterLinkTest" time="5.698"/>
  <testcase classname="com.sellingo.TC001_HomePageTest" name="TC001_SC005_verifyInstagramLinkTest" time="2.45"/>
  <testcase classname="com.sellingo.TC001_HomePageTest" name="TC001_SC006_verifyLinkedinLinkTest" time="1.866"/>
  <testcase classname="com.sellingo.TC001_HomePageTest" name="TC001_SC007_verifyYouTubeLinkTest" time="5.779"/>
  <testcase classname="com.sellingo.TC002_LoginTest" name="TC002_SC001_errorMessgeMobileNumberTest" time="1.467"/>
  <testcase classname="com.sellingo.TC002_LoginTest" name="TC002_SC002_errorMessgePasswordTest" time="0.619"/>
  <testcase classname="com.sellingo.TC002_LoginTest" name="TC002_SC003_forgotPasswordFlow" time="0.845"/>
  <testcase classname="com.sellingo.TC002_LoginTest" name="TC002_SC004_testErrorMessageForgotPassword" time="0.321"/>
  <testcase classname="com.sellingo.TC002_LoginTest" name="TC002_SC005_verifySuccessMessageForMobField" time="0.918"/>
  <testcase classname="com.sellingo.TC002_LoginTest" name="TC002_SC006_testErrorMessageOTPfield" time="0.291"/>
  <testcase classname="com.sellingo.TC002_LoginTest" name="TC002_SC007_loginTest" time="1.401"/>
  <testcase classname="com.sellingo.TC002_LoginTest" name="TC002_SC008_createCatalogStep1" time="22.279"/>
  <testcase classname="com.sellingo.TC002_LoginTest" name="TC002_SC009_createCatalogStep2" time="23.609"/>
  <testcase classname="com.sellingo.TC002_LoginTest" name="TC002_SC010_createCatalogStep3" time="7.542"/>
  <testcase classname="com.sellingo.TC002_LoginTest" name="TC002_SC011_editCreateCatalogStep1" time="17.348"/>
  <testcase classname="com.sellingo.TC002_LoginTest" name="TC002_SC_012_editCreateCatalogStep2" time="20.044"/>
  <testcase classname="com.sellingo.TC002_LoginTest" name="TC002_SC013_editeditCreateCatalogStep3" time="6.418"/>
  <testcase classname="com.sellingo.BeforeAfterMethods" name="@BeforeSuite beforeSuitMethod" time="0.0">
    <ignored/>
  </testcase> <!-- @BeforeSuite beforeSuitMethod -->
  <testcase classname="com.sellingo.BeforeAfterMethods" name="@AfterSuite afterSuite" time="0.0">
    <ignored/>
  </testcase> <!-- @AfterSuite afterSuite -->
  <testcase classname="com.sellingo.BeforeAfterMethods" name="@BeforeTest beforeTest" time="0.0">
    <ignored/>
  </testcase> <!-- @BeforeTest beforeTest -->
</testsuite> <!-- Test -->
