<?xml version="1.0" encoding="UTF-8"?>
<!-- Generated by org.testng.reporters.JUnitXMLReporter -->
<testsuite ignored="0" hostname="Dinesh" failures="1" tests="7" name="Test" time="10.859" errors="0" timestamp="2024-10-04T00:27:41 IST">
  <testcase classname="com.sellingo.BeforeAfterMethods" name="@AfterMethod tearDown" time="1.422">
    <failure type="java.lang.NullPointerException" message="Cannot invoke &amp;quot;com.aventstack.extentreports.ExtentTest.addScreenCaptureFromBase64String(String)&amp;quot; because &amp;quot;report.ExtentManager.test&amp;quot; is null">
      <![CDATA[java.lang.NullPointerException: Cannot invoke "com.aventstack.extentreports.ExtentTest.addScreenCaptureFromBase64String(String)" because "report.ExtentManager.test" is null
at report.ExtentManager.onTestFailure(ExtentManager.java:49)
at com.sellingo.BeforeAfterMethods.tearDown(BeforeAfterMethods.java:49)
at java.base/java.util.ArrayList.forEach(ArrayList.java:1596)
... Removed 30 stack frames]]>
    </failure>
  </testcase> <!-- @AfterMethod tearDown -->
  <testcase classname="com.sellingo.TC001_HomePageTest" name="@BeforeMethod setUp" time="-1.727981861573E9">
    <skipped/>
  </testcase> <!-- @BeforeMethod setUp -->
  <testcase classname="com.sellingo.BeforeAfterMethods" name="@AfterMethod tearDown" time="-1.727981861605E9">
    <skipped/>
  </testcase> <!-- @AfterMethod tearDown -->
  <testcase classname="com.sellingo.TC001_HomePageTest" name="@BeforeMethod setUp" time="-1.727981861614E9">
    <skipped/>
  </testcase> <!-- @BeforeMethod setUp -->
  <testcase classname="com.sellingo.BeforeAfterMethods" name="@AfterMethod tearDown" time="-1.727981861629E9">
    <skipped/>
  </testcase> <!-- @AfterMethod tearDown -->
  <testcase classname="com.sellingo.TC001_HomePageTest" name="@BeforeMethod setUp" time="-1.727981861635E9">
    <skipped/>
  </testcase> <!-- @BeforeMethod setUp -->
  <testcase classname="com.sellingo.BeforeAfterMethods" name="@AfterMethod tearDown" time="-1.72798186165E9">
    <skipped/>
  </testcase> <!-- @AfterMethod tearDown -->
  <testcase classname="com.sellingo.TC001_HomePageTest" name="@BeforeMethod setUp" time="-1.727981861653E9">
    <skipped/>
  </testcase> <!-- @BeforeMethod setUp -->
  <testcase classname="com.sellingo.BeforeAfterMethods" name="@AfterMethod tearDown" time="-1.727981861671E9">
    <skipped/>
  </testcase> <!-- @AfterMethod tearDown -->
  <testcase classname="com.sellingo.TC001_HomePageTest" name="@BeforeMethod setUp" time="-1.727981861683E9">
    <skipped/>
  </testcase> <!-- @BeforeMethod setUp -->
  <testcase classname="com.sellingo.BeforeAfterMethods" name="@AfterMethod tearDown" time="-1.727981861714E9">
    <skipped/>
  </testcase> <!-- @AfterMethod tearDown -->
  <testcase classname="com.sellingo.TC001_HomePageTest" name="@BeforeMethod setUp" time="-1.727981861715E9">
    <skipped/>
  </testcase> <!-- @BeforeMethod setUp -->
  <testcase classname="com.sellingo.BeforeAfterMethods" name="@AfterMethod tearDown" time="-1.727981861728E9">
    <skipped/>
  </testcase> <!-- @AfterMethod tearDown -->
  <testcase classname="com.sellingo.TC001_HomePageTest" name="TC001_SC001_verifyHomePageText" time="3.679">
    <failure type="java.lang.NullPointerException" message="Cannot invoke &amp;quot;com.aventstack.extentreports.ExtentTest.log(com.aventstack.extentreports.Status, com.aventstack.extentreports.markuputils.Markup)&amp;quot; because &amp;quot;report.ExtentManager.test&amp;quot; is null">
      <![CDATA[java.lang.NullPointerException: Cannot invoke "com.aventstack.extentreports.ExtentTest.log(com.aventstack.extentreports.Status, com.aventstack.extentreports.markuputils.Markup)" because "report.ExtentManager.test" is null
at report.ExtentManager.onTestPass(ExtentManager.java:44)
at com.sellingo.TC001_HomePageTest.TC001_SC001_verifyHomePageText(TC001_HomePageTest.java:59)
at java.base/java.util.ArrayList.forEach(ArrayList.java:1596)
... Removed 25 stack frames]]>
    </failure>
  </testcase> <!-- TC001_SC001_verifyHomePageText -->
  <testcase classname="com.sellingo.TC001_HomePageTest" name="TC001_SC002_verifySlides" time="0.0">
    <skipped/>
  </testcase> <!-- TC001_SC002_verifySlides -->
  <testcase classname="com.sellingo.TC001_HomePageTest" name="TC001_SC003verifyFacebookLinkTest" time="0.0">
    <skipped/>
  </testcase> <!-- TC001_SC003verifyFacebookLinkTest -->
  <testcase classname="com.sellingo.TC001_HomePageTest" name="TC001_SC004_verifyTwitterLinkTest" time="0.0">
    <skipped/>
  </testcase> <!-- TC001_SC004_verifyTwitterLinkTest -->
  <testcase classname="com.sellingo.TC001_HomePageTest" name="TC001_SC005_verifyInstagramLinkTest" time="0.0">
    <skipped/>
  </testcase> <!-- TC001_SC005_verifyInstagramLinkTest -->
  <testcase classname="com.sellingo.TC001_HomePageTest" name="TC001_SC006_verifyLinkedinLinkTest" time="0.0">
    <skipped/>
  </testcase> <!-- TC001_SC006_verifyLinkedinLinkTest -->
  <testcase classname="com.sellingo.TC001_HomePageTest" name="TC001_SC007_verifyYouTubeLinkTest" time="0.0">
    <skipped/>
  </testcase> <!-- TC001_SC007_verifyYouTubeLinkTest -->
</testsuite> <!-- Test -->
