<?xml version="1.0" encoding="UTF-8"?>
<!-- Generated by org.testng.reporters.JUnitXMLReporter -->
<testsuite ignored="0" hostname="Dinesh" failures="0" tests="5" name="Default test" time="42.988" errors="0" timestamp="2024-09-29T17:15:41 IST">
  <testcase classname="com.sellingo.HomePageTest" name="verifyFacebookLinkTest" time="2.738"/>
  <testcase classname="com.sellingo.HomePageTest" name="verifyTwitterLinkTest" time="5.554"/>
  <testcase classname="com.sellingo.HomePageTest" name="verifyInstagramLinkTest" time="2.71"/>
  <testcase classname="com.sellingo.HomePageTest" name="verifyLinkedinLinkTest" time="2.796"/>
  <testcase classname="com.sellingo.HomePageTest" name="verifyYouTubeLinkTest" time="5.521"/>
</testsuite> <!-- Default test -->
