<?xml version="1.0" encoding="UTF-8"?>
<!-- Generated by org.testng.reporters.JUnitXMLReporter -->
<testsuite ignored="0" hostname="Dinesh" failures="0" tests="13" name="Default test" time="105.081" errors="0" timestamp="2024-10-07T00:27:40 IST">
  <testcase classname="com.sellingo.TC002_LoginTest" name="TC002_SC001_errorMessgeMobileNumberTest" time="1.946"/>
  <testcase classname="com.sellingo.TC002_LoginTest" name="TC002_SC002_errorMessgePasswordTest" time="0.607"/>
  <testcase classname="com.sellingo.TC002_LoginTest" name="TC002_SC003_forgotPasswordFlow" time="0.87"/>
  <testcase classname="com.sellingo.TC002_LoginTest" name="TC002_SC004_testErrorMessageForgotPassword" time="0.244"/>
  <testcase classname="com.sellingo.TC002_LoginTest" name="TC002_SC005_verifySuccessMessageForMobField" time="0.925"/>
  <testcase classname="com.sellingo.TC002_LoginTest" name="TC002_SC006_testErrorMessageOTPfield" time="0.392"/>
  <testcase classname="com.sellingo.TC002_LoginTest" name="TC002_SC007_loginTest" time="1.135"/>
  <testcase classname="com.sellingo.TC002_LoginTest" name="TC002_SC008_createCatalogStep1" time="21.744"/>
  <testcase classname="com.sellingo.TC002_LoginTest" name="TC002_SC009_createCatalogStep2" time="23.76"/>
  <testcase classname="com.sellingo.TC002_LoginTest" name="TC002_SC010_createCatalogStep3" time="7.311"/>
  <testcase classname="com.sellingo.TC002_LoginTest" name="TC002_SC011_editCreateCatalogStep1" time="14.082"/>
  <testcase classname="com.sellingo.TC002_LoginTest" name="TC002_SC_012_editCreateCatalogStep2" time="20.238"/>
  <testcase classname="com.sellingo.TC002_LoginTest" name="TC002_SC013_editeditCreateCatalogStep3" time="6.011"/>
</testsuite> <!-- Default test -->
