<?xml version="1.0" encoding="UTF-8"?>
<!-- Generated by org.testng.reporters.JUnitXMLReporter -->
<testsuite ignored="0" hostname="Dinesh" failures="0" tests="3" name="Default test" time="25.859" errors="0" timestamp="2024-09-29T22:20:27 IST">
  <testcase classname="com.sellingo.LoginTest" name="loginTest" time="3.89"/>
  <testcase classname="com.sellingo.LoginTest" name="errorMessgeMobileNumberTest" time="2.736"/>
  <testcase classname="com.sellingo.LoginTest" name="errorMessgePasswordTest" time="2.156"/>
</testsuite> <!-- Default test -->
