<?xml version="1.0" encoding="UTF-8"?>
<!-- Generated by org.testng.reporters.JUnitXMLReporter -->
<testsuite ignored="0" hostname="Dinesh" failures="0" tests="7" name="Default test" time="10.194" errors="0" timestamp="2024-10-06T13:52:21 IST">
  <testcase classname="com.sellingo.TC002_LoginTest" name="TC002_SC001_errorMessgeMobileNumberTest" time="1.493"/>
  <testcase classname="com.sellingo.TC002_LoginTest" name="TC002_SC002_errorMessgePasswordTest" time="0.404"/>
  <testcase classname="com.sellingo.TC002_LoginTest" name="TC002_SC003_forgotPasswordFlow" time="0.75"/>
  <testcase classname="com.sellingo.TC002_LoginTest" name="TC002_SC004_testErrorMessageForgotPassword" time="0.199"/>
  <testcase classname="com.sellingo.TC002_LoginTest" name="TC002_SC005_verifySuccessMessageForMobField" time="0.848"/>
  <testcase classname="com.sellingo.TC002_LoginTest" name="TC002_SC006_testErrorMessageOTPfield" time="0.234"/>
  <testcase classname="com.sellingo.TC002_LoginTest" name="TC002_SC007_loginTest" time="1.301"/>
</testsuite> <!-- Default test -->
