<?xml version="1.0" encoding="UTF-8"?>
<testng-results ignored="0" total="5" passed="5" failed="0" skipped="0">
  <reporter-output>
  </reporter-output>
  <suite started-at="2024-09-29T17:14:58 IST" name="Default suite" finished-at="2024-09-29T17:15:41 IST" duration-ms="42988">
    <groups>
    </groups>
    <test started-at="2024-09-29T17:14:58 IST" name="Default test" finished-at="2024-09-29T17:15:41 IST" duration-ms="42988">
      <class name="com.sellingo.HomePageTest">
        <test-method is-config="true" signature="setUp()[pri:0, instance:com.sellingo.HomePageTest@44ebcd03]" started-at="2024-09-29T17:14:58 IST" name="setUp" finished-at="2024-09-29T17:15:03 IST" duration-ms="4602" status="PASS">
          <reporter-output>
          </reporter-output>
        </test-method> <!-- setUp -->
        <test-method signature="verifyFacebookLinkTest()[pri:1, instance:com.sellingo.HomePageTest@44ebcd03]" started-at="2024-09-29T17:15:03 IST" name="verifyFacebookLinkTest" finished-at="2024-09-29T17:15:06 IST" duration-ms="2738" status="PASS">
          <reporter-output>
          </reporter-output>
        </test-method> <!-- verifyFacebookLinkTest -->
        <test-method is-config="true" signature="tearDown()[pri:0, instance:com.sellingo.HomePageTest@44ebcd03]" started-at="2024-09-29T17:15:06 IST" name="tearDown" finished-at="2024-09-29T17:15:07 IST" duration-ms="1128" status="PASS">
          <reporter-output>
          </reporter-output>
        </test-method> <!-- tearDown -->
        <test-method is-config="true" signature="setUp()[pri:0, instance:com.sellingo.HomePageTest@44ebcd03]" started-at="2024-09-29T17:15:07 IST" name="setUp" finished-at="2024-09-29T17:15:10 IST" duration-ms="3392" status="PASS">
          <reporter-output>
          </reporter-output>
        </test-method> <!-- setUp -->
        <test-method signature="verifyTwitterLinkTest()[pri:2, instance:com.sellingo.HomePageTest@44ebcd03]" started-at="2024-09-29T17:15:10 IST" name="verifyTwitterLinkTest" finished-at="2024-09-29T17:15:16 IST" duration-ms="5554" status="PASS">
          <reporter-output>
          </reporter-output>
        </test-method> <!-- verifyTwitterLinkTest -->
        <test-method is-config="true" signature="tearDown()[pri:0, instance:com.sellingo.HomePageTest@44ebcd03]" started-at="2024-09-29T17:15:16 IST" name="tearDown" finished-at="2024-09-29T17:15:16 IST" duration-ms="623" status="PASS">
          <reporter-output>
          </reporter-output>
        </test-method> <!-- tearDown -->
        <test-method is-config="true" signature="setUp()[pri:0, instance:com.sellingo.HomePageTest@44ebcd03]" started-at="2024-09-29T17:15:16 IST" name="setUp" finished-at="2024-09-29T17:15:20 IST" duration-ms="3618" status="PASS">
          <reporter-output>
          </reporter-output>
        </test-method> <!-- setUp -->
        <test-method signature="verifyInstagramLinkTest()[pri:3, instance:com.sellingo.HomePageTest@44ebcd03]" started-at="2024-09-29T17:15:20 IST" name="verifyInstagramLinkTest" finished-at="2024-09-29T17:15:23 IST" duration-ms="2710" status="PASS">
          <reporter-output>
          </reporter-output>
        </test-method> <!-- verifyInstagramLinkTest -->
        <test-method is-config="true" signature="tearDown()[pri:0, instance:com.sellingo.HomePageTest@44ebcd03]" started-at="2024-09-29T17:15:23 IST" name="tearDown" finished-at="2024-09-29T17:15:23 IST" duration-ms="666" status="PASS">
          <reporter-output>
          </reporter-output>
        </test-method> <!-- tearDown -->
        <test-method is-config="true" signature="setUp()[pri:0, instance:com.sellingo.HomePageTest@44ebcd03]" started-at="2024-09-29T17:15:23 IST" name="setUp" finished-at="2024-09-29T17:15:27 IST" duration-ms="3764" status="PASS">
          <reporter-output>
          </reporter-output>
        </test-method> <!-- setUp -->
        <test-method signature="verifyLinkedinLinkTest()[pri:4, instance:com.sellingo.HomePageTest@44ebcd03]" started-at="2024-09-29T17:15:27 IST" name="verifyLinkedinLinkTest" finished-at="2024-09-29T17:15:30 IST" duration-ms="2796" status="PASS">
          <reporter-output>
          </reporter-output>
        </test-method> <!-- verifyLinkedinLinkTest -->
        <test-method is-config="true" signature="tearDown()[pri:0, instance:com.sellingo.HomePageTest@44ebcd03]" started-at="2024-09-29T17:15:30 IST" name="tearDown" finished-at="2024-09-29T17:15:31 IST" duration-ms="1349" status="PASS">
          <reporter-output>
          </reporter-output>
        </test-method> <!-- tearDown -->
        <test-method is-config="true" signature="setUp()[pri:0, instance:com.sellingo.HomePageTest@44ebcd03]" started-at="2024-09-29T17:15:31 IST" name="setUp" finished-at="2024-09-29T17:15:35 IST" duration-ms="3727" status="PASS">
          <reporter-output>
          </reporter-output>
        </test-method> <!-- setUp -->
        <test-method signature="verifyYouTubeLinkTest()[pri:5, instance:com.sellingo.HomePageTest@44ebcd03]" started-at="2024-09-29T17:15:35 IST" name="verifyYouTubeLinkTest" finished-at="2024-09-29T17:15:41 IST" duration-ms="5521" status="PASS">
          <reporter-output>
          </reporter-output>
        </test-method> <!-- verifyYouTubeLinkTest -->
        <test-method is-config="true" signature="tearDown()[pri:0, instance:com.sellingo.HomePageTest@44ebcd03]" started-at="2024-09-29T17:15:41 IST" name="tearDown" finished-at="2024-09-29T17:15:41 IST" duration-ms="719" status="PASS">
          <reporter-output>
          </reporter-output>
        </test-method> <!-- tearDown -->
      </class> <!-- com.sellingo.HomePageTest -->
    </test> <!-- Default test -->
  </suite> <!-- Default suite -->
</testng-results>
