<?xml version="1.0" encoding="UTF-8"?>
<testng-results ignored="0" total="7" passed="7" failed="0" skipped="0">
  <reporter-output>
  </reporter-output>
  <suite started-at="2024-10-06T13:52:11 IST" name="Default suite" finished-at="2024-10-06T13:52:21 IST" duration-ms="10194">
    <groups>
    </groups>
    <test started-at="2024-10-06T13:52:11 IST" name="Default test" finished-at="2024-10-06T13:52:21 IST" duration-ms="10194">
      <class name="com.sellingo.TC002_LoginTest">
        <test-method is-config="true" signature="beforeSuitMethod()[pri:0, instance:com.sellingo.TC002_LoginTest@1b7cc17c]" started-at="2024-10-06T13:52:10 IST" name="beforeSuitMethod" finished-at="2024-10-06T13:52:11 IST" duration-ms="224" status="PASS">
          <reporter-output>
          </reporter-output>
        </test-method> <!-- beforeSuitMethod -->
        <test-method is-config="true" signature="beforeTest()[pri:0, instance:com.sellingo.TC002_LoginTest@1b7cc17c]" started-at="2024-10-06T13:52:11 IST" name="beforeTest" finished-at="2024-10-06T13:52:11 IST" duration-ms="1" status="PASS">
          <reporter-output>
          </reporter-output>
        </test-method> <!-- beforeTest -->
        <test-method is-config="true" signature="setup()[pri:0, instance:com.sellingo.TC002_LoginTest@1b7cc17c]" started-at="2024-10-06T13:52:11 IST" name="setup" finished-at="2024-10-06T13:52:15 IST" duration-ms="4051" status="PASS">
          <reporter-output>
          </reporter-output>
        </test-method> <!-- setup -->
        <test-method is-config="true" signature="BeforeMethod()[pri:0, instance:com.sellingo.TC002_LoginTest@1b7cc17c]" started-at="2024-10-06T13:52:15 IST" name="BeforeMethod" finished-at="2024-10-06T13:52:15 IST" duration-ms="640" status="PASS">
          <reporter-output>
          </reporter-output>
        </test-method> <!-- BeforeMethod -->
        <test-method is-config="true" signature="beforeMethod(org.testng.ITestResult)[pri:0, instance:com.sellingo.TC002_LoginTest@1b7cc17c]" started-at="2024-10-06T13:52:15 IST" name="beforeMethod" finished-at="2024-10-06T13:52:15 IST" duration-ms="12" status="PASS">
          <params>
            <param index="0">
              <value>
                <![CDATA[[TestResult name={null} status=CREATED method=TC002_LoginTest.TC002_SC001_errorMessgeMobileNumberTest()[pri:1, instance:com.sellingo.TC002_LoginTest@1b7cc17c] output={null}]]]>
              </value>
            </param>
          </params>
          <reporter-output>
          </reporter-output>
        </test-method> <!-- beforeMethod -->
        <test-method signature="TC002_SC001_errorMessgeMobileNumberTest()[pri:1, instance:com.sellingo.TC002_LoginTest@1b7cc17c]" started-at="2024-10-06T13:52:15 IST" name="TC002_SC001_errorMessgeMobileNumberTest" finished-at="2024-10-06T13:52:17 IST" duration-ms="1493" status="PASS">
          <reporter-output>
          </reporter-output>
        </test-method> <!-- TC002_SC001_errorMessgeMobileNumberTest -->
        <test-method is-config="true" signature="tearDown(org.testng.ITestResult)[pri:0, instance:com.sellingo.TC002_LoginTest@1b7cc17c]" started-at="2024-10-06T13:52:17 IST" name="tearDown" finished-at="2024-10-06T13:52:17 IST" duration-ms="1" status="PASS">
          <params>
            <param index="0">
              <value>
                <![CDATA[[TestResult name=TC002_SC001_errorMessgeMobileNumberTest status=SUCCESS method=TC002_LoginTest.TC002_SC001_errorMessgeMobileNumberTest()[pri:1, instance:com.sellingo.TC002_LoginTest@1b7cc17c] output={null}]]]>
              </value>
            </param>
          </params>
          <reporter-output>
          </reporter-output>
        </test-method> <!-- tearDown -->
        <test-method is-config="true" signature="beforeMethod(org.testng.ITestResult)[pri:0, instance:com.sellingo.TC002_LoginTest@1b7cc17c]" started-at="2024-10-06T13:52:17 IST" name="beforeMethod" finished-at="2024-10-06T13:52:17 IST" duration-ms="5" status="PASS">
          <params>
            <param index="0">
              <value>
                <![CDATA[[TestResult name={null} status=CREATED method=TC002_LoginTest.TC002_SC002_errorMessgePasswordTest()[pri:2, instance:com.sellingo.TC002_LoginTest@1b7cc17c] output={null}]]]>
              </value>
            </param>
          </params>
          <reporter-output>
          </reporter-output>
        </test-method> <!-- beforeMethod -->
        <test-method signature="TC002_SC002_errorMessgePasswordTest()[pri:2, instance:com.sellingo.TC002_LoginTest@1b7cc17c]" started-at="2024-10-06T13:52:17 IST" name="TC002_SC002_errorMessgePasswordTest" finished-at="2024-10-06T13:52:17 IST" duration-ms="404" status="PASS">
          <reporter-output>
          </reporter-output>
        </test-method> <!-- TC002_SC002_errorMessgePasswordTest -->
        <test-method signature="TC002_SC003_forgotPasswordFlow()[pri:3, instance:com.sellingo.TC002_LoginTest@1b7cc17c]" started-at="2024-10-06T13:52:17 IST" name="TC002_SC003_forgotPasswordFlow" finished-at="2024-10-06T13:52:18 IST" duration-ms="750" status="PASS">
          <reporter-output>
          </reporter-output>
        </test-method> <!-- TC002_SC003_forgotPasswordFlow -->
        <test-method is-config="true" signature="tearDown(org.testng.ITestResult)[pri:0, instance:com.sellingo.TC002_LoginTest@1b7cc17c]" started-at="2024-10-06T13:52:17 IST" name="tearDown" finished-at="2024-10-06T13:52:17 IST" duration-ms="0" status="PASS">
          <params>
            <param index="0">
              <value>
                <![CDATA[[TestResult name=TC002_SC002_errorMessgePasswordTest status=SUCCESS method=TC002_LoginTest.TC002_SC002_errorMessgePasswordTest()[pri:2, instance:com.sellingo.TC002_LoginTest@1b7cc17c] output={null}]]]>
              </value>
            </param>
          </params>
          <reporter-output>
          </reporter-output>
        </test-method> <!-- tearDown -->
        <test-method is-config="true" signature="beforeMethod(org.testng.ITestResult)[pri:0, instance:com.sellingo.TC002_LoginTest@1b7cc17c]" started-at="2024-10-06T13:52:17 IST" name="beforeMethod" finished-at="2024-10-06T13:52:17 IST" duration-ms="0" status="PASS">
          <params>
            <param index="0">
              <value>
                <![CDATA[[TestResult name={null} status=CREATED method=TC002_LoginTest.TC002_SC003_forgotPasswordFlow()[pri:3, instance:com.sellingo.TC002_LoginTest@1b7cc17c] output={null}]]]>
              </value>
            </param>
          </params>
          <reporter-output>
          </reporter-output>
        </test-method> <!-- beforeMethod -->
        <test-method is-config="true" signature="tearDown(org.testng.ITestResult)[pri:0, instance:com.sellingo.TC002_LoginTest@1b7cc17c]" started-at="2024-10-06T13:52:18 IST" name="tearDown" finished-at="2024-10-06T13:52:18 IST" duration-ms="0" status="PASS">
          <params>
            <param index="0">
              <value>
                <![CDATA[[TestResult name=TC002_SC003_forgotPasswordFlow status=SUCCESS method=TC002_LoginTest.TC002_SC003_forgotPasswordFlow()[pri:3, instance:com.sellingo.TC002_LoginTest@1b7cc17c] output={null}]]]>
              </value>
            </param>
          </params>
          <reporter-output>
          </reporter-output>
        </test-method> <!-- tearDown -->
        <test-method is-config="true" signature="beforeMethod(org.testng.ITestResult)[pri:0, instance:com.sellingo.TC002_LoginTest@1b7cc17c]" started-at="2024-10-06T13:52:18 IST" name="beforeMethod" finished-at="2024-10-06T13:52:18 IST" duration-ms="0" status="PASS">
          <params>
            <param index="0">
              <value>
                <![CDATA[[TestResult name={null} status=CREATED method=TC002_LoginTest.TC002_SC004_testErrorMessageForgotPassword()[pri:4, instance:com.sellingo.TC002_LoginTest@1b7cc17c] output={null}]]]>
              </value>
            </param>
          </params>
          <reporter-output>
          </reporter-output>
        </test-method> <!-- beforeMethod -->
        <test-method signature="TC002_SC004_testErrorMessageForgotPassword()[pri:4, instance:com.sellingo.TC002_LoginTest@1b7cc17c]" started-at="2024-10-06T13:52:18 IST" name="TC002_SC004_testErrorMessageForgotPassword" finished-at="2024-10-06T13:52:18 IST" duration-ms="199" status="PASS">
          <reporter-output>
          </reporter-output>
        </test-method> <!-- TC002_SC004_testErrorMessageForgotPassword -->
        <test-method is-config="true" signature="tearDown(org.testng.ITestResult)[pri:0, instance:com.sellingo.TC002_LoginTest@1b7cc17c]" started-at="2024-10-06T13:52:18 IST" name="tearDown" finished-at="2024-10-06T13:52:18 IST" duration-ms="0" status="PASS">
          <params>
            <param index="0">
              <value>
                <![CDATA[[TestResult name=TC002_SC004_testErrorMessageForgotPassword status=SUCCESS method=TC002_LoginTest.TC002_SC004_testErrorMessageForgotPassword()[pri:4, instance:com.sellingo.TC002_LoginTest@1b7cc17c] output={null}]]]>
              </value>
            </param>
          </params>
          <reporter-output>
          </reporter-output>
        </test-method> <!-- tearDown -->
        <test-method is-config="true" signature="beforeMethod(org.testng.ITestResult)[pri:0, instance:com.sellingo.TC002_LoginTest@1b7cc17c]" started-at="2024-10-06T13:52:18 IST" name="beforeMethod" finished-at="2024-10-06T13:52:18 IST" duration-ms="0" status="PASS">
          <params>
            <param index="0">
              <value>
                <![CDATA[[TestResult name={null} status=CREATED method=TC002_LoginTest.TC002_SC005_verifySuccessMessageForMobField()[pri:5, instance:com.sellingo.TC002_LoginTest@1b7cc17c] output={null}]]]>
              </value>
            </param>
          </params>
          <reporter-output>
          </reporter-output>
        </test-method> <!-- beforeMethod -->
        <test-method signature="TC002_SC005_verifySuccessMessageForMobField()[pri:5, instance:com.sellingo.TC002_LoginTest@1b7cc17c]" started-at="2024-10-06T13:52:18 IST" name="TC002_SC005_verifySuccessMessageForMobField" finished-at="2024-10-06T13:52:19 IST" duration-ms="848" status="PASS">
          <reporter-output>
          </reporter-output>
        </test-method> <!-- TC002_SC005_verifySuccessMessageForMobField -->
        <test-method signature="TC002_SC006_testErrorMessageOTPfield()[pri:6, instance:com.sellingo.TC002_LoginTest@1b7cc17c]" started-at="2024-10-06T13:52:19 IST" name="TC002_SC006_testErrorMessageOTPfield" finished-at="2024-10-06T13:52:19 IST" duration-ms="234" status="PASS">
          <reporter-output>
          </reporter-output>
        </test-method> <!-- TC002_SC006_testErrorMessageOTPfield -->
        <test-method is-config="true" signature="tearDown(org.testng.ITestResult)[pri:0, instance:com.sellingo.TC002_LoginTest@1b7cc17c]" started-at="2024-10-06T13:52:19 IST" name="tearDown" finished-at="2024-10-06T13:52:19 IST" duration-ms="0" status="PASS">
          <params>
            <param index="0">
              <value>
                <![CDATA[[TestResult name=TC002_SC005_verifySuccessMessageForMobField status=SUCCESS method=TC002_LoginTest.TC002_SC005_verifySuccessMessageForMobField()[pri:5, instance:com.sellingo.TC002_LoginTest@1b7cc17c] output={null}]]]>
              </value>
            </param>
          </params>
          <reporter-output>
          </reporter-output>
        </test-method> <!-- tearDown -->
        <test-method is-config="true" signature="beforeMethod(org.testng.ITestResult)[pri:0, instance:com.sellingo.TC002_LoginTest@1b7cc17c]" started-at="2024-10-06T13:52:19 IST" name="beforeMethod" finished-at="2024-10-06T13:52:19 IST" duration-ms="0" status="PASS">
          <params>
            <param index="0">
              <value>
                <![CDATA[[TestResult name={null} status=CREATED method=TC002_LoginTest.TC002_SC006_testErrorMessageOTPfield()[pri:6, instance:com.sellingo.TC002_LoginTest@1b7cc17c] output={null}]]]>
              </value>
            </param>
          </params>
          <reporter-output>
          </reporter-output>
        </test-method> <!-- beforeMethod -->
        <test-method is-config="true" signature="tearDown(org.testng.ITestResult)[pri:0, instance:com.sellingo.TC002_LoginTest@1b7cc17c]" started-at="2024-10-06T13:52:19 IST" name="tearDown" finished-at="2024-10-06T13:52:19 IST" duration-ms="0" status="PASS">
          <params>
            <param index="0">
              <value>
                <![CDATA[[TestResult name=TC002_SC006_testErrorMessageOTPfield status=SUCCESS method=TC002_LoginTest.TC002_SC006_testErrorMessageOTPfield()[pri:6, instance:com.sellingo.TC002_LoginTest@1b7cc17c] output={null}]]]>
              </value>
            </param>
          </params>
          <reporter-output>
          </reporter-output>
        </test-method> <!-- tearDown -->
        <test-method is-config="true" signature="beforeMethod(org.testng.ITestResult)[pri:0, instance:com.sellingo.TC002_LoginTest@1b7cc17c]" started-at="2024-10-06T13:52:19 IST" name="beforeMethod" finished-at="2024-10-06T13:52:19 IST" duration-ms="0" status="PASS">
          <params>
            <param index="0">
              <value>
                <![CDATA[[TestResult name={null} status=CREATED method=TC002_LoginTest.TC002_SC007_loginTest()[pri:7, instance:com.sellingo.TC002_LoginTest@1b7cc17c] output={null}]]]>
              </value>
            </param>
          </params>
          <reporter-output>
          </reporter-output>
        </test-method> <!-- beforeMethod -->
        <test-method signature="TC002_SC007_loginTest()[pri:7, instance:com.sellingo.TC002_LoginTest@1b7cc17c]" started-at="2024-10-06T13:52:19 IST" name="TC002_SC007_loginTest" finished-at="2024-10-06T13:52:21 IST" duration-ms="1301" status="PASS">
          <reporter-output>
          </reporter-output>
        </test-method> <!-- TC002_SC007_loginTest -->
        <test-method is-config="true" signature="tearDown(org.testng.ITestResult)[pri:0, instance:com.sellingo.TC002_LoginTest@1b7cc17c]" started-at="2024-10-06T13:52:21 IST" name="tearDown" finished-at="2024-10-06T13:52:21 IST" duration-ms="0" status="PASS">
          <params>
            <param index="0">
              <value>
                <![CDATA[[TestResult name=TC002_SC007_loginTest status=SUCCESS method=TC002_LoginTest.TC002_SC007_loginTest()[pri:7, instance:com.sellingo.TC002_LoginTest@1b7cc17c] output={null}]]]>
              </value>
            </param>
          </params>
          <reporter-output>
          </reporter-output>
        </test-method> <!-- tearDown -->
        <test-method is-config="true" signature="teardown()[pri:0, instance:com.sellingo.TC002_LoginTest@1b7cc17c]" started-at="2024-10-06T13:52:21 IST" name="teardown" finished-at="2024-10-06T13:52:21 IST" duration-ms="179" status="PASS">
          <reporter-output>
          </reporter-output>
        </test-method> <!-- teardown -->
        <test-method is-config="true" signature="afterSuite()[pri:0, instance:com.sellingo.TC002_LoginTest@1b7cc17c]" started-at="2024-10-06T13:52:21 IST" name="afterSuite" finished-at="2024-10-06T13:52:21 IST" duration-ms="444" status="PASS">
          <reporter-output>
          </reporter-output>
        </test-method> <!-- afterSuite -->
      </class> <!-- com.sellingo.TC002_LoginTest -->
    </test> <!-- Default test -->
  </suite> <!-- Default suite -->
</testng-results>
